Actual time:
2017-11-23 17:00:01 CET+0100


download cours start
mon planning click ok
week 1
week 2
send email ok -- cours
result cours:bug


2017-11-23 17:05:12 CET+0100


Actual time:
2017-11-23 20:00:01 CET+0100


download cours start
mon planning click ok
week 1
week 2
week 3
week 4
week 5
week 6
week 7
week 8
download cours finish
analyse cours start
analyse cours finished
get 62 lines this time
66 lines in xlsx
result cours:unchanged


2017-11-23 20:02:11 CET+0100


Actual time:
2017-11-23 23:00:02 CET+0100


download cours start
mon planning click ok
week 1
week 2
week 3
week 4
week 5
week 6
week 7
week 8
download cours finish
analyse cours start
analyse cours finished
get 62 lines this time
66 lines in xlsx
result cours:unchanged


2017-11-23 23:02:14 CET+0100


Actual time:
2017-11-24 02:00:01 CET+0100


download cours start
mon planning click ok
week 1
week 2
week 3
week 4
week 5
week 6
week 7
week 8
download cours finish
analyse cours start
analyse cours finished
get 62 lines this time
66 lines in xlsx
result cours:unchanged


2017-11-24 02:02:57 CET+0100


Actual time:
2017-11-24 05:00:02 CET+0100


download cours start
mon planning click ok
week 1
week 2
send email ok -- cours
result cours:bug


2017-11-24 05:02:50 CET+0100


Actual time:
2017-11-24 08:00:02 CET+0100


download cours start
mon planning click ok
week 1
week 2
week 3
week 4
week 5
week 6
week 7
week 8
download cours finish
analyse cours start
analyse cours finished
get 62 lines this time
66 lines in xlsx
result cours:unchanged


2017-11-24 08:01:59 CET+0100


Actual time:
2017-11-24 11:00:01 CET+0100


download cours start
mon planning click ok
week 1
week 2
week 3
week 4
week 5
week 6
week 7
week 8
download cours finish
analyse cours start
analyse cours finished
get 62 lines this time
66 lines in xlsx
result cours:unchanged


2017-11-24 11:02:06 CET+0100


Actual time:
2017-11-24 14:00:01 CET+0100


download cours start
mon planning click ok
week 1
week 2
week 3
week 4
week 5
week 6
week 7
week 8
download cours finish
analyse cours start
analyse cours finished
get 62 lines this time
66 lines in xlsx
result cours:unchanged


2017-11-24 14:02:17 CET+0100


Actual time:
2017-11-24 17:00:01 CET+0100


download cours start
mon planning click ok
week 1
week 2
send email ok -- cours
result cours:bug


2017-11-24 17:02:18 CET+0100


Actual time:
2017-11-24 20:00:02 CET+0100


download cours start
mon planning click ok
week 1
week 2
week 3
week 4
week 5
week 6
week 7
week 8
download cours finish
analyse cours start
analyse cours finished
get 62 lines this time
66 lines in xlsx
result cours:unchanged


2017-11-24 20:02:03 CET+0100


Actual time:
2017-11-24 23:00:02 CET+0100


download cours start
mon planning click ok
week 1
week 2
week 3
week 4
week 5
week 6
week 7
week 8
download cours finish
analyse cours start
analyse cours finished
get 62 lines this time
66 lines in xlsx
result cours:unchanged


2017-11-24 23:01:57 CET+0100


Actual time:
2017-11-25 02:00:02 CET+0100


download cours start
mon planning click ok
week 1
week 2
week 3
week 4
week 5
week 6
week 7
week 8
download cours finish
analyse cours start
analyse cours finished
get 62 lines this time
66 lines in xlsx
result cours:unchanged


2017-11-25 02:02:01 CET+0100


Actual time:
2017-11-25 05:00:02 CET+0100


download cours start
mon planning click ok
week 1
week 2
send email ok -- cours
result cours:bug


2017-11-25 05:04:57 CET+0100


Actual time:
2017-11-25 08:00:01 CET+0100


download cours start
mon planning click ok
week 1
week 2
week 3
week 4
week 5
week 6
week 7
week 8
download cours finish
analyse cours start
analyse cours finished
get 62 lines this time
66 lines in xlsx
result cours:unchanged


2017-11-25 08:02:35 CET+0100


Actual time:
2017-11-25 11:00:02 CET+0100


download cours start
mon planning click ok
week 1
week 2
week 3
week 4
week 5
week 6
week 7
week 8
download cours finish
analyse cours start
analyse cours finished
get 62 lines this time
66 lines in xlsx
result cours:unchanged


2017-11-25 11:01:58 CET+0100


Actual time:
2017-11-25 14:00:02 CET+0100


download cours start
mon planning click ok
week 1
week 2
week 3
week 4
week 5
week 6
week 7
week 8
download cours finish
analyse cours start
analyse cours finished
get 62 lines this time
66 lines in xlsx
result cours:unchanged


2017-11-25 14:02:18 CET+0100


Actual time:
2017-11-25 17:00:02 CET+0100


download cours start
mon planning click ok
week 1
week 2
send email ok -- cours
result cours:bug


2017-11-25 17:02:44 CET+0100


Actual time:
2017-11-25 20:00:02 CET+0100


download cours start
mon planning click ok
week 1
week 2
week 3
week 4
week 5
week 6
week 7
week 8
download cours finish
analyse cours start
analyse cours finished
get 62 lines this time
66 lines in xlsx
result cours:unchanged


2017-11-25 20:01:58 CET+0100


Actual time:
2017-11-25 23:00:01 CET+0100


download cours start
mon planning click ok
week 1
week 2
week 3
week 4
week 5
week 6
week 7
week 8
download cours finish
analyse cours start
analyse cours finished
get 62 lines this time
66 lines in xlsx
result cours:unchanged


2017-11-25 23:02:10 CET+0100


Actual time:
2017-11-26 02:00:02 CET+0100


download cours start
mon planning click ok
week 1
week 2
week 3
week 4
week 5
week 6
week 7
week 8
download cours finish
analyse cours start
analyse cours finished
get 61 lines this time
66 lines in xlsx
start push all new cours from localhost to google calendar.
push to calendar bug
send email ok -- cours
result cours:calendar bug


2017-11-26 02:02:00 CET+0100


Actual time:
2017-11-26 05:00:02 CET+0100


download cours start
send email ok -- cours
result cours:bug


2017-11-26 05:04:07 CET+0100


Actual time:
2017-11-26 08:00:02 CET+0100


download cours start
mon planning click ok
week 1
week 2
week 3
week 4
week 5
week 6
week 7
week 8
download cours finish
analyse cours start
analyse cours finished
get 61 lines this time
66 lines in xlsx
result cours:unchanged


2017-11-26 08:01:56 CET+0100


Actual time:
2017-11-26 11:00:02 CET+0100


download cours start
mon planning click ok
week 1
week 2
week 3
week 4
week 5
week 6
week 7
week 8
download cours finish
analyse cours start
analyse cours finished
get 61 lines this time
66 lines in xlsx
result cours:unchanged


2017-11-26 11:01:54 CET+0100


Actual time:
2017-11-26 14:00:02 CET+0100


download cours start
mon planning click ok
week 1
week 2
week 3
week 4
week 5
week 6
week 7
week 8
download cours finish
analyse cours start
analyse cours finished
get 61 lines this time
66 lines in xlsx
result cours:unchanged


2017-11-26 14:01:55 CET+0100


Actual time:
2017-11-26 17:00:01 CET+0100


download cours start
mon planning click ok
week 1
week 2
send email ok -- cours
result cours:bug


2017-11-26 17:03:04 CET+0100


Actual time:
2017-11-26 20:00:02 CET+0100


download cours start
mon planning click ok
week 1
week 2
week 3
week 4
week 5
week 6
week 7
week 8
download cours finish
analyse cours start
analyse cours finished
get 61 lines this time
66 lines in xlsx
result cours:unchanged


2017-11-26 20:01:57 CET+0100


Actual time:
2017-11-26 23:00:02 CET+0100


download cours start
mon planning click ok
week 1
week 2
week 3
week 4
week 5
week 6
week 7
week 8
download cours finish
analyse cours start
analyse cours finished
get 61 lines this time
66 lines in xlsx
result cours:unchanged


2017-11-26 23:01:57 CET+0100


Actual time:
2017-11-27 02:00:02 CET+0100


download cours start
mon planning click ok
week 1
week 2
week 3
week 4
week 5
week 6
week 7
week 8
download cours finish
analyse cours start
analyse cours finished
get 61 lines this time
66 lines in xlsx
result cours:unchanged


2017-11-27 02:01:58 CET+0100


Actual time:
2017-11-27 05:00:02 CET+0100


download cours start
mon planning click ok
week 1
week 2
send email ok -- cours
result cours:bug


2017-11-27 05:05:05 CET+0100


Actual time:
2017-11-27 08:00:02 CET+0100


download cours start
mon planning click ok
week 1
week 2
week 3
week 4
week 5
week 6
week 7
week 8
download cours finish
analyse cours start
analyse cours finished
get 61 lines this time
66 lines in xlsx
result cours:unchanged


2017-11-27 08:01:56 CET+0100


Actual time:
2017-11-27 11:00:02 CET+0100


download cours start
mon planning click ok
week 1
week 2
week 3
week 4
week 5
week 6
week 7
week 8
download cours finish
analyse cours start
analyse cours finished
get 61 lines this time
66 lines in xlsx
result cours:unchanged


2017-11-27 11:01:58 CET+0100


Actual time:
2017-11-27 14:00:02 CET+0100


download cours start
mon planning click ok
week 1
week 2
week 3
week 4
week 5
week 6
week 7
week 8
download cours finish
analyse cours start
analyse cours finished
get 61 lines this time
66 lines in xlsx
result cours:unchanged


2017-11-27 14:02:01 CET+0100


Actual time:
2017-11-27 17:00:02 CET+0100


download cours start
mon planning click ok
week 1
week 2
send email ok -- cours
result cours:bug


2017-11-27 17:03:29 CET+0100


Actual time:
2017-11-27 20:00:02 CET+0100


download cours start
mon planning click ok
week 1
week 2
week 3
week 4
week 5
week 6
week 7
week 8
download cours finish
analyse cours start
analyse cours finished
get 61 lines this time
66 lines in xlsx
result cours:unchanged


2017-11-27 20:01:55 CET+0100


Actual time:
2017-11-27 23:00:02 CET+0100


download cours start
mon planning click ok
week 1
week 2
week 3
week 4
week 5
week 6
week 7
week 8
download cours finish
analyse cours start
analyse cours finished
get 61 lines this time
66 lines in xlsx
result cours:unchanged


2017-11-27 23:01:58 CET+0100


Actual time:
2017-11-28 02:00:02 CET+0100


download cours start
mon planning click ok
week 1
week 2
week 3
week 4
week 5
week 6
week 7
week 8
download cours finish
analyse cours start
analyse cours finished
get 61 lines this time
66 lines in xlsx
result cours:unchanged


2017-11-28 02:01:59 CET+0100


Actual time:
2017-11-28 05:00:01 CET+0100


download cours start
mon planning click ok
week 1
week 2
send email ok -- cours
result cours:bug


2017-11-28 05:05:18 CET+0100


Actual time:
2017-11-28 08:00:01 CET+0100


download cours start
mon planning click ok
week 1
week 2
week 3
week 4
week 5
week 6
week 7
week 8
download cours finish
analyse cours start
analyse cours finished
get 61 lines this time
66 lines in xlsx
result cours:unchanged


2017-11-28 08:02:02 CET+0100


Actual time:
2017-11-28 11:00:02 CET+0100


download cours start
mon planning click ok
week 1
week 2
week 3
week 4
week 5
week 6
week 7
week 8
download cours finish
analyse cours start
analyse cours finished
get 62 lines this time
66 lines in xlsx
start push all new cours from localhost to google calendar.
push to calendar bug
send email ok -- cours
result cours:calendar bug


2017-11-28 11:02:14 CET+0100


Actual time:
2017-11-28 14:00:02 CET+0100


download cours start
mon planning click ok
week 1
week 2
week 3
week 4
week 5
week 6
week 7
week 8
download cours finish
analyse cours start
analyse cours finished
get 62 lines this time
66 lines in xlsx
result cours:unchanged


2017-11-28 14:02:06 CET+0100


Actual time:
2017-11-28 17:00:02 CET+0100


download cours start
mon planning click ok
week 1
week 2
send email ok -- cours
result cours:bug


2017-11-28 17:02:48 CET+0100


Actual time:
2017-11-28 20:00:01 CET+0100


download cours start
mon planning click ok
week 1
week 2
week 3
week 4
week 5
week 6
week 7
week 8
download cours finish
analyse cours start
analyse cours finished
get 62 lines this time
66 lines in xlsx
result cours:unchanged


2017-11-28 20:02:06 CET+0100


Actual time:
2017-11-28 23:00:02 CET+0100


download cours start
mon planning click ok
week 1
week 2
week 3
week 4
week 5
week 6
week 7
week 8
download cours finish
analyse cours start
analyse cours finished
get 62 lines this time
66 lines in xlsx
result cours:unchanged


2017-11-28 23:02:12 CET+0100


Actual time:
2017-11-29 02:00:01 CET+0100


download cours start
mon planning click ok
week 1
week 2
week 3
week 4
week 5
week 6
week 7
week 8
download cours finish
analyse cours start
analyse cours finished
get 62 lines this time
66 lines in xlsx
result cours:unchanged


2017-11-29 02:02:16 CET+0100


Actual time:
2017-11-29 05:00:02 CET+0100


download cours start
mon planning click ok
week 1
week 2
send email ok -- cours
result cours:bug


2017-11-29 05:14:16 CET+0100


Actual time:
2017-11-29 08:00:01 CET+0100


download cours start
mon planning click ok
week 1
week 2
week 3
week 4
week 5
week 6
week 7
week 8
download cours finish
analyse cours start
analyse cours finished
get 62 lines this time
66 lines in xlsx
result cours:unchanged


2017-11-29 08:02:10 CET+0100


Actual time:
2017-11-29 11:00:02 CET+0100


download cours start
mon planning click ok
week 1
week 2
week 3
week 4
week 5
week 6
week 7
week 8
download cours finish
analyse cours start
analyse cours finished
get 62 lines this time
66 lines in xlsx
result cours:unchanged


2017-11-29 11:01:57 CET+0100


Actual time:
2017-11-29 14:00:01 CET+0100


download cours start
mon planning click ok
week 1
week 2
week 3
week 4
week 5
week 6
week 7
week 8
download cours finish
analyse cours start
analyse cours finished
get 62 lines this time
66 lines in xlsx
result cours:unchanged


2017-11-29 14:02:15 CET+0100


Actual time:
2017-11-29 17:00:01 CET+0100


download cours start
mon planning click ok
week 1
week 2
send email ok -- cours
result cours:bug


2017-11-29 17:04:41 CET+0100


