Actual time:
2017-11-20 05:00:01 CET+0100


download abs starts
download abs finishes
analyse abs start
analyse abs finished
get 5 lines this time
6 lines in xlsx, first line for 2 numbers
result abs:unchanged


download notes starts
download notes finishes
analyse notes start
analyse notes finished
get 213 lines this time
213 lines in xlsx
result notes:unchanged


2017-11-20 05:14:42 CET+0100


Actual time:
2017-11-20 17:00:01 CET+0100


download abs starts
download abs finishes
analyse abs start
analyse abs finished
get 5 lines this time
6 lines in xlsx, first line for 2 numbers
result abs:unchanged


download notes starts
download notes finishes
analyse notes start
analyse notes finished
get 213 lines this time
213 lines in xlsx
result notes:unchanged


2017-11-20 17:04:27 CET+0100


Actual time:
2017-11-21 05:00:01 CET+0100


download abs starts
download abs finishes
analyse abs start
analyse abs finished
get 5 lines this time
6 lines in xlsx, first line for 2 numbers
result abs:unchanged


download notes starts
download notes finishes
analyse notes start
analyse notes finished
get 213 lines this time
213 lines in xlsx
result notes:unchanged


2017-11-21 05:06:53 CET+0100


Actual time:
2017-11-21 17:00:02 CET+0100


download abs starts
download abs finishes
analyse abs start
analyse abs finished
get 5 lines this time
6 lines in xlsx, first line for 2 numbers
result abs:unchanged


download notes starts
download notes finishes
analyse notes start
analyse notes finished
get 213 lines this time
213 lines in xlsx
result notes:unchanged


2017-11-21 17:13:46 CET+0100


Actual time:
2017-11-22 05:00:01 CET+0100


download abs starts
download abs finishes
analyse abs start
analyse abs finished
get 5 lines this time
6 lines in xlsx, first line for 2 numbers
result abs:unchanged


download notes starts
download notes finishes
analyse notes start
analyse notes finished
get 213 lines this time
213 lines in xlsx
result notes:unchanged


2017-11-22 05:05:00 CET+0100


Actual time:
2017-11-22 17:00:01 CET+0100


download abs starts
send email ok -- abs
result abs:bug


download notes starts
send email ok -- notes
result notes:bug


2017-11-22 17:02:09 CET+0100


Actual time:
2017-11-23 05:00:01 CET+0100


download abs starts
download abs finishes
analyse abs start
analyse abs finished
get 5 lines this time
6 lines in xlsx, first line for 2 numbers
result abs:unchanged


download notes starts
download notes finishes
analyse notes start
analyse notes finished
get 213 lines this time
213 lines in xlsx
result notes:unchanged


2017-11-23 05:04:26 CET+0100


Actual time:
2017-11-23 17:00:01 CET+0100


download abs starts
download abs finishes
analyse abs start
analyse abs finished
get 5 lines this time
6 lines in xlsx, first line for 2 numbers
result abs:unchanged


download notes starts
download notes finishes
analyse notes start
analyse notes finished
get 214 lines this time
213 lines in xlsx
send email ok -- notes
result notes:changed


2017-11-23 17:06:05 CET+0100


Actual time:
2017-11-24 05:00:02 CET+0100


download abs starts
download abs finishes
analyse abs start
analyse abs finished
get 5 lines this time
6 lines in xlsx, first line for 2 numbers
result abs:unchanged


download notes starts
download notes finishes
analyse notes start
analyse notes finished
get 214 lines this time
214 lines in xlsx
result notes:unchanged


2017-11-24 05:03:36 CET+0100


Actual time:
2017-11-24 17:00:01 CET+0100


download abs starts
download abs finishes
analyse abs start
analyse abs finished
get 6 lines this time
6 lines in xlsx, first line for 2 numbers
send email ok -- abs
result abs:changed


download notes starts
download notes finishes
analyse notes start
analyse notes finished
get 214 lines this time
214 lines in xlsx
result notes:unchanged


2017-11-24 17:03:08 CET+0100


Actual time:
2017-11-25 05:00:01 CET+0100


download abs starts
download abs finishes
analyse abs start
analyse abs finished
get 6 lines this time
7 lines in xlsx, first line for 2 numbers
result abs:unchanged


download notes starts
download notes finishes
analyse notes start
analyse notes finished
get 214 lines this time
214 lines in xlsx
result notes:unchanged


2017-11-25 05:05:57 CET+0100


Actual time:
2017-11-25 17:00:01 CET+0100


download abs starts
download abs finishes
analyse abs start
analyse abs finished
get 6 lines this time
7 lines in xlsx, first line for 2 numbers
result abs:unchanged


download notes starts
download notes finishes
analyse notes start
analyse notes finished
get 214 lines this time
214 lines in xlsx
result notes:unchanged


2017-11-25 17:03:34 CET+0100


Actual time:
2017-11-26 05:00:02 CET+0100


download abs starts
download abs finishes
analyse abs start
analyse abs finished
get 6 lines this time
7 lines in xlsx, first line for 2 numbers
result abs:unchanged


download notes starts
download notes finishes
analyse notes start
analyse notes finished
get 214 lines this time
214 lines in xlsx
result notes:unchanged


2017-11-26 05:04:56 CET+0100


Actual time:
2017-11-26 17:00:01 CET+0100


download abs starts
download abs finishes
analyse abs start
analyse abs finished
get 6 lines this time
7 lines in xlsx, first line for 2 numbers
result abs:unchanged


download notes starts
download notes finishes
analyse notes start
analyse notes finished
get 214 lines this time
214 lines in xlsx
result notes:unchanged


2017-11-26 17:03:50 CET+0100


Actual time:
2017-11-27 05:00:02 CET+0100


download abs starts
download abs finishes
analyse abs start
analyse abs finished
get 6 lines this time
7 lines in xlsx, first line for 2 numbers
result abs:unchanged


download notes starts
download notes finishes
analyse notes start
analyse notes finished
get 214 lines this time
214 lines in xlsx
result notes:unchanged


2017-11-27 05:05:55 CET+0100


Actual time:
2017-11-27 17:00:01 CET+0100


download abs starts
download abs finishes
analyse abs start
analyse abs finished
get 6 lines this time
7 lines in xlsx, first line for 2 numbers
result abs:unchanged


download notes starts
download notes finishes
analyse notes start
analyse notes finished
get 214 lines this time
214 lines in xlsx
result notes:unchanged


2017-11-27 17:04:14 CET+0100


Actual time:
2017-11-28 05:00:01 CET+0100


download abs starts
download abs finishes
analyse abs start
analyse abs finished
get 6 lines this time
7 lines in xlsx, first line for 2 numbers
result abs:unchanged


download notes starts
download notes finishes
analyse notes start
analyse notes finished
get 214 lines this time
214 lines in xlsx
result notes:unchanged


2017-11-28 05:06:09 CET+0100


Actual time:
2017-11-28 17:00:02 CET+0100


download abs starts
download abs finishes
analyse abs start
analyse abs finished
get 6 lines this time
7 lines in xlsx, first line for 2 numbers
result abs:unchanged


download notes starts
download notes finishes
analyse notes start
analyse notes finished
get 214 lines this time
214 lines in xlsx
result notes:unchanged


2017-11-28 17:03:36 CET+0100


Actual time:
2017-11-29 05:00:02 CET+0100


download abs starts
download abs finishes
analyse abs start
analyse abs finished
get 6 lines this time
7 lines in xlsx, first line for 2 numbers
result abs:unchanged


download notes starts
download notes finishes
analyse notes start
analyse notes finished
get 214 lines this time
214 lines in xlsx
result notes:unchanged


2017-11-29 05:15:00 CET+0100


Actual time:
2017-11-29 17:00:01 CET+0100


download abs starts
download abs finishes
analyse abs start
analyse abs finished
get 6 lines this time
7 lines in xlsx, first line for 2 numbers
result abs:unchanged


download notes starts
download notes finishes
analyse notes start
analyse notes finished
get 214 lines this time
214 lines in xlsx
result notes:unchanged


2017-11-29 17:05:23 CET+0100


